*** Starting uWSGI 2.0.17 (64bit) on [Fri Dec 14 13:03:17 2018] ***
compiled with version: 5.4.0 20160609 on 02 May 2018 21:45:13
os: Linux-4.4.0-31-generic #50-Ubuntu SMP Wed Jul 13 00:07:12 UTC 2016
nodename: ubuntu
machine: x86_64
clock source: unix
pcre jit disabled
detected number of CPU cores: 8
current working directory: /home/python/code/gz07/meiduo/meiduo_mall
writing pidfile to uwsgi.pid
detected binary path: /home/python/.virtualenvs/django_py3/bin/uwsgi
chdir() to /home/python/code/gz07/meiduo/meiduo_mall
your processes number limit is 31709
your memory page size is 4096 bytes
detected max file descriptor number: 1048576
lock engine: pthread robust mutexes
thunder lock: disabled (you can enable it with --thunder-lock)
bind(): Cannot assign requested address [core/socket.c line 769]
*** Starting uWSGI 2.0.17 (64bit) on [Fri Dec 14 13:05:48 2018] ***
compiled with version: 5.4.0 20160609 on 02 May 2018 21:45:13
os: Linux-4.4.0-31-generic #50-Ubuntu SMP Wed Jul 13 00:07:12 UTC 2016
nodename: ubuntu
machine: x86_64
clock source: unix
pcre jit disabled
detected number of CPU cores: 8
current working directory: /home/python/code/gz07/meiduo/meiduo_mall
writing pidfile to uwsgi.pid
detected binary path: /home/python/.virtualenvs/django_py3/bin/uwsgi
chdir() to /home/python/code/gz07/meiduo/meiduo_mall
your processes number limit is 31709
your memory page size is 4096 bytes
detected max file descriptor number: 1048576
lock engine: pthread robust mutexes
thunder lock: disabled (you can enable it with --thunder-lock)
uwsgi socket 0 bound to TCP address 192.168.210.160:8001 fd 3
Python version: 3.5.2 (default, Nov 23 2017, 16:37:01)  [GCC 5.4.0 20160609]
Set PythonHome to /home/python/.virtualenvs/django_py3/
Python main interpreter initialized at 0x1e1e590
python threads support enabled
your server socket listen backlog is limited to 100 connections
your mercy for graceful operations on workers is 60 seconds
mapped 416880 bytes (407 KB) for 8 cores
*** Operational MODE: preforking+threaded ***
WSGI app 0 (mountpoint='') ready in 1 seconds on interpreter 0x1e1e590 pid: 728 (default app)
*** uWSGI is running in multiple interpreter mode ***
spawned uWSGI master process (pid: 728)
spawned uWSGI worker 1 (pid: 737, cores: 2)
spawned uWSGI worker 2 (pid: 738, cores: 2)
spawned uWSGI worker 3 (pid: 740, cores: 2)
spawned uWSGI worker 4 (pid: 742, cores: 2)
db_for_read
db_for_read
db_for_read
[pid: 740|app: 0|req: 1/1] 127.0.0.1 () {42 vars in 786 bytes} [Fri Dec 14 13:06:04 2018] GET /skus/?category_id=115&page=1&page_size=5&ordering=-create_time => generated 1322 bytes in 564 msecs (HTTP/1.1 200) 7 headers in 252 bytes (1 switches on core 0)
db_for_read
db_for_read
db_for_read
[pid: 740|app: 0|req: 2/2] 127.0.0.1 () {42 vars in 786 bytes} [Fri Dec 14 13:06:45 2018] GET /skus/?category_id=115&page=1&page_size=5&ordering=-create_time => generated 1322 bytes in 27 msecs (HTTP/1.1 200) 7 headers in 252 bytes (1 switches on core 1)
db_for_read
db_for_read
db_for_read
db_for_read
db_for_read
db_for_read
db_for_read
[pid: 737|app: 0|req: 1/3] 127.0.0.1 () {40 vars in 662 bytes} [Fri Dec 14 13:06:49 2018] GET /categories/115/ => generated 150 bytes in 508 msecs (HTTP/1.1 200) 7 headers in 251 bytes (1 switches on core 0)
